 INFO [2020-01-24 01:02:29,523] ({main} RemoteInterpreterServer.java[main]:261) - URL:jar:file:/zeppelin/lib/interpreter/zeppelin-interpreter-0.8.2.jar!/org/apache/zeppelin/interpreter/remote/RemoteInterpreterServer.class
 INFO [2020-01-24 01:02:29,635] ({main} RemoteInterpreterServer.java[<init>]:162) - Launching ThriftServer at 172.18.0.5:33525
 INFO [2020-01-24 01:02:29,650] ({main} RemoteInterpreterServer.java[<init>]:166) - Starting remote interpreter server on port 33525
 INFO [2020-01-24 01:02:29,654] ({Thread-0} RemoteInterpreterServer.java[run]:203) - Starting remote interpreter server on port 33525
 INFO [2020-01-24 01:02:30,672] ({Thread-1} RemoteInterpreterUtils.java[registerInterpreter]:165) - callbackHost: 172.18.0.5, callbackPort: 38393, callbackInfo: CallbackInfo(host:172.18.0.5, port:33525)
 INFO [2020-01-24 01:02:30,877] ({pool-1-thread-1} RemoteInterpreterServer.java[createInterpreter]:311) - Instantiate interpreter org.apache.zeppelin.jdbc.JDBCInterpreter
 WARN [2020-01-24 01:02:30,984] ({pool-1-thread-1} ZeppelinConfiguration.java[create]:117) - Failed to load configuration, proceeding with a default
 INFO [2020-01-24 01:02:31,038] ({pool-1-thread-1} ZeppelinConfiguration.java[create]:129) - Server Host: 0.0.0.0
 INFO [2020-01-24 01:02:31,039] ({pool-1-thread-1} ZeppelinConfiguration.java[create]:131) - Server Port: 8080
 INFO [2020-01-24 01:02:31,039] ({pool-1-thread-1} ZeppelinConfiguration.java[create]:135) - Context Path: /
 INFO [2020-01-24 01:02:31,043] ({pool-1-thread-1} ZeppelinConfiguration.java[create]:136) - Zeppelin Version: 0.8.2
 INFO [2020-01-24 01:02:31,044] ({pool-1-thread-1} SchedulerFactory.java[<init>]:59) - Scheduler Thread Pool Size: 100
 INFO [2020-01-24 01:02:31,055] ({pool-2-thread-2} SchedulerFactory.java[jobStarted]:114) - Job 20200123-224051_1974878081 started by scheduler org.apache.zeppelin.jdbc.JDBCInterpreter1845271996
ERROR [2020-01-24 01:02:31,161] ({pool-2-thread-2} JDBCInterpreter.java[open]:199) - zeppelin will be ignored. driver.zeppelin and zeppelin.url is mandatory.
 INFO [2020-01-24 01:02:32,277] ({pool-2-thread-2} SchedulerFactory.java[jobFinished]:120) - Job 20200123-224051_1974878081 finished by scheduler org.apache.zeppelin.jdbc.JDBCInterpreter1845271996
 INFO [2020-01-24 01:03:33,989] ({pool-1-thread-1} RemoteInterpreterServer.java[shutdown]:209) - Shutting down...
 INFO [2020-01-24 01:19:22,942] ({main} RemoteInterpreterServer.java[main]:261) - URL:jar:file:/zeppelin/lib/interpreter/zeppelin-interpreter-0.8.2.jar!/org/apache/zeppelin/interpreter/remote/RemoteInterpreterServer.class
 INFO [2020-01-24 01:19:23,047] ({main} RemoteInterpreterServer.java[<init>]:162) - Launching ThriftServer at 172.18.0.3:44915
 INFO [2020-01-24 01:19:23,060] ({main} RemoteInterpreterServer.java[<init>]:166) - Starting remote interpreter server on port 44915
 INFO [2020-01-24 01:19:23,065] ({Thread-0} RemoteInterpreterServer.java[run]:203) - Starting remote interpreter server on port 44915
 INFO [2020-01-24 01:19:23,095] ({Thread-1} RemoteInterpreterUtils.java[registerInterpreter]:165) - callbackHost: 172.18.0.3, callbackPort: 34303, callbackInfo: CallbackInfo(host:172.18.0.3, port:44915)
 INFO [2020-01-24 01:19:23,470] ({pool-1-thread-1} RemoteInterpreterServer.java[createInterpreter]:311) - Instantiate interpreter org.apache.zeppelin.jdbc.JDBCInterpreter
 WARN [2020-01-24 01:19:23,592] ({pool-1-thread-1} ZeppelinConfiguration.java[create]:117) - Failed to load configuration, proceeding with a default
 INFO [2020-01-24 01:19:23,663] ({pool-1-thread-1} ZeppelinConfiguration.java[create]:129) - Server Host: 0.0.0.0
 INFO [2020-01-24 01:19:23,671] ({pool-1-thread-1} ZeppelinConfiguration.java[create]:131) - Server Port: 8080
 INFO [2020-01-24 01:19:23,672] ({pool-1-thread-1} ZeppelinConfiguration.java[create]:135) - Context Path: /
 INFO [2020-01-24 01:19:23,679] ({pool-1-thread-1} ZeppelinConfiguration.java[create]:136) - Zeppelin Version: 0.8.2
 INFO [2020-01-24 01:19:23,680] ({pool-1-thread-1} SchedulerFactory.java[<init>]:59) - Scheduler Thread Pool Size: 100
 INFO [2020-01-24 01:19:23,763] ({pool-2-thread-2} SchedulerFactory.java[jobStarted]:114) - Job 20200123-224051_1974878081 started by scheduler org.apache.zeppelin.jdbc.JDBCInterpreter731237010
ERROR [2020-01-24 01:19:23,942] ({pool-2-thread-2} JDBCInterpreter.java[open]:199) - zeppelin will be ignored. driver.zeppelin and zeppelin.url is mandatory.
 INFO [2020-01-24 01:19:25,101] ({pool-2-thread-2} SchedulerFactory.java[jobFinished]:120) - Job 20200123-224051_1974878081 finished by scheduler org.apache.zeppelin.jdbc.JDBCInterpreter731237010
 INFO [2020-01-24 01:24:42,149] ({pool-1-thread-3} RemoteInterpreterServer.java[shutdown]:209) - Shutting down...
 INFO [2020-01-24 01:33:25,347] ({main} RemoteInterpreterServer.java[main]:261) - URL:jar:file:/zeppelin/lib/interpreter/zeppelin-interpreter-0.8.2.jar!/org/apache/zeppelin/interpreter/remote/RemoteInterpreterServer.class
 INFO [2020-01-24 01:33:25,450] ({main} RemoteInterpreterServer.java[<init>]:162) - Launching ThriftServer at 172.18.0.3:40975
 INFO [2020-01-24 01:33:25,463] ({main} RemoteInterpreterServer.java[<init>]:166) - Starting remote interpreter server on port 40975
 INFO [2020-01-24 01:33:25,467] ({Thread-0} RemoteInterpreterServer.java[run]:203) - Starting remote interpreter server on port 40975
 INFO [2020-01-24 01:33:26,479] ({Thread-1} RemoteInterpreterUtils.java[registerInterpreter]:165) - callbackHost: 172.18.0.3, callbackPort: 39579, callbackInfo: CallbackInfo(host:172.18.0.3, port:40975)
 INFO [2020-01-24 01:33:26,808] ({pool-1-thread-1} RemoteInterpreterServer.java[createInterpreter]:311) - Instantiate interpreter org.apache.zeppelin.jdbc.JDBCInterpreter
 WARN [2020-01-24 01:33:26,948] ({pool-1-thread-1} ZeppelinConfiguration.java[create]:117) - Failed to load configuration, proceeding with a default
 INFO [2020-01-24 01:33:27,004] ({pool-1-thread-1} ZeppelinConfiguration.java[create]:129) - Server Host: 0.0.0.0
 INFO [2020-01-24 01:33:27,005] ({pool-1-thread-1} ZeppelinConfiguration.java[create]:131) - Server Port: 8080
 INFO [2020-01-24 01:33:27,006] ({pool-1-thread-1} ZeppelinConfiguration.java[create]:135) - Context Path: /
 INFO [2020-01-24 01:33:27,011] ({pool-1-thread-1} ZeppelinConfiguration.java[create]:136) - Zeppelin Version: 0.8.2
 INFO [2020-01-24 01:33:27,012] ({pool-1-thread-1} SchedulerFactory.java[<init>]:59) - Scheduler Thread Pool Size: 100
 INFO [2020-01-24 01:33:27,021] ({pool-2-thread-2} SchedulerFactory.java[jobStarted]:114) - Job 20200123-224051_1974878081 started by scheduler org.apache.zeppelin.jdbc.JDBCInterpreter1994713455
ERROR [2020-01-24 01:33:27,164] ({pool-2-thread-2} JDBCInterpreter.java[open]:199) - zeppelin will be ignored. driver.zeppelin and zeppelin.url is mandatory.
ERROR [2020-01-24 01:33:27,764] ({pool-2-thread-2} JDBCInterpreter.java[executeSql]:778) - Cannot run CREATE TABLE IF NOT EXISTS processed_files (id INDETITY(0,1) NOT NULL PRIMARY KEY, file_name text,created_at TIMESTAMP)
org.postgresql.util.PSQLException: ERROR: type "indetity" does not exist
  Position: 48
	at org.postgresql.core.v3.QueryExecutorImpl.receiveErrorResponse(QueryExecutorImpl.java:2270)
	at org.postgresql.core.v3.QueryExecutorImpl.processResults(QueryExecutorImpl.java:1998)
	at org.postgresql.core.v3.QueryExecutorImpl.execute(QueryExecutorImpl.java:255)
	at org.postgresql.jdbc2.AbstractJdbc2Statement.execute(AbstractJdbc2Statement.java:570)
	at org.postgresql.jdbc2.AbstractJdbc2Statement.executeWithFlags(AbstractJdbc2Statement.java:406)
	at org.postgresql.jdbc2.AbstractJdbc2Statement.execute(AbstractJdbc2Statement.java:398)
	at org.apache.commons.dbcp2.DelegatingStatement.execute(DelegatingStatement.java:291)
	at org.apache.commons.dbcp2.DelegatingStatement.execute(DelegatingStatement.java:291)
	at org.apache.zeppelin.jdbc.JDBCInterpreter.executeSql(JDBCInterpreter.java:737)
	at org.apache.zeppelin.jdbc.JDBCInterpreter.interpret(JDBCInterpreter.java:820)
	at org.apache.zeppelin.interpreter.LazyOpenInterpreter.interpret(LazyOpenInterpreter.java:103)
	at org.apache.zeppelin.interpreter.remote.RemoteInterpreterServer$InterpretJob.jobRun(RemoteInterpreterServer.java:632)
	at org.apache.zeppelin.scheduler.Job.run(Job.java:188)
	at org.apache.zeppelin.scheduler.ParallelScheduler$JobRunner.run(ParallelScheduler.java:162)
	at java.util.concurrent.Executors$RunnableAdapter.call(Executors.java:511)
	at java.util.concurrent.FutureTask.run(FutureTask.java:266)
	at java.util.concurrent.ScheduledThreadPoolExecutor$ScheduledFutureTask.access$201(ScheduledThreadPoolExecutor.java:180)
	at java.util.concurrent.ScheduledThreadPoolExecutor$ScheduledFutureTask.run(ScheduledThreadPoolExecutor.java:293)
	at java.util.concurrent.ThreadPoolExecutor.runWorker(ThreadPoolExecutor.java:1149)
	at java.util.concurrent.ThreadPoolExecutor$Worker.run(ThreadPoolExecutor.java:624)
	at java.lang.Thread.run(Thread.java:748)
 INFO [2020-01-24 01:33:27,781] ({pool-2-thread-2} SchedulerFactory.java[jobFinished]:120) - Job 20200123-224051_1974878081 finished by scheduler org.apache.zeppelin.jdbc.JDBCInterpreter1994713455
 INFO [2020-01-24 01:35:17,192] ({pool-2-thread-2} SchedulerFactory.java[jobStarted]:114) - Job 20200123-224051_1974878081 started by scheduler org.apache.zeppelin.jdbc.JDBCInterpreter1994713455
ERROR [2020-01-24 01:35:17,217] ({pool-2-thread-2} JDBCInterpreter.java[executeSql]:778) - Cannot run CREATE TABLE IF NOT EXISTS processed_files (id NOT NULL PRIMARY KEY generated always as identity, file_name text,created_at TIMESTAMP)
org.postgresql.util.PSQLException: ERROR: syntax error at or near "NOT"
  Position: 48
	at org.postgresql.core.v3.QueryExecutorImpl.receiveErrorResponse(QueryExecutorImpl.java:2270)
	at org.postgresql.core.v3.QueryExecutorImpl.processResults(QueryExecutorImpl.java:1998)
	at org.postgresql.core.v3.QueryExecutorImpl.execute(QueryExecutorImpl.java:255)
	at org.postgresql.jdbc2.AbstractJdbc2Statement.execute(AbstractJdbc2Statement.java:570)
	at org.postgresql.jdbc2.AbstractJdbc2Statement.executeWithFlags(AbstractJdbc2Statement.java:406)
	at org.postgresql.jdbc2.AbstractJdbc2Statement.execute(AbstractJdbc2Statement.java:398)
	at org.apache.commons.dbcp2.DelegatingStatement.execute(DelegatingStatement.java:291)
	at org.apache.commons.dbcp2.DelegatingStatement.execute(DelegatingStatement.java:291)
	at org.apache.zeppelin.jdbc.JDBCInterpreter.executeSql(JDBCInterpreter.java:737)
	at org.apache.zeppelin.jdbc.JDBCInterpreter.interpret(JDBCInterpreter.java:820)
	at org.apache.zeppelin.interpreter.LazyOpenInterpreter.interpret(LazyOpenInterpreter.java:103)
	at org.apache.zeppelin.interpreter.remote.RemoteInterpreterServer$InterpretJob.jobRun(RemoteInterpreterServer.java:632)
	at org.apache.zeppelin.scheduler.Job.run(Job.java:188)
	at org.apache.zeppelin.scheduler.ParallelScheduler$JobRunner.run(ParallelScheduler.java:162)
	at java.util.concurrent.Executors$RunnableAdapter.call(Executors.java:511)
	at java.util.concurrent.FutureTask.run(FutureTask.java:266)
	at java.util.concurrent.ScheduledThreadPoolExecutor$ScheduledFutureTask.access$201(ScheduledThreadPoolExecutor.java:180)
	at java.util.concurrent.ScheduledThreadPoolExecutor$ScheduledFutureTask.run(ScheduledThreadPoolExecutor.java:293)
	at java.util.concurrent.ThreadPoolExecutor.runWorker(ThreadPoolExecutor.java:1149)
	at java.util.concurrent.ThreadPoolExecutor$Worker.run(ThreadPoolExecutor.java:624)
	at java.lang.Thread.run(Thread.java:748)
 INFO [2020-01-24 01:35:17,227] ({pool-2-thread-2} SchedulerFactory.java[jobFinished]:120) - Job 20200123-224051_1974878081 finished by scheduler org.apache.zeppelin.jdbc.JDBCInterpreter1994713455
 INFO [2020-01-24 01:35:24,763] ({pool-2-thread-3} SchedulerFactory.java[jobStarted]:114) - Job 20200123-224051_1974878081 started by scheduler org.apache.zeppelin.jdbc.JDBCInterpreter1994713455
ERROR [2020-01-24 01:35:24,793] ({pool-2-thread-3} JDBCInterpreter.java[executeSql]:778) - Cannot run CREATE TABLE IF NOT EXISTS processed_files (id PRIMARY KEY generated always as identity, file_name text,created_at TIMESTAMP)
org.postgresql.util.PSQLException: ERROR: syntax error at or near "PRIMARY"
  Position: 48
	at org.postgresql.core.v3.QueryExecutorImpl.receiveErrorResponse(QueryExecutorImpl.java:2270)
	at org.postgresql.core.v3.QueryExecutorImpl.processResults(QueryExecutorImpl.java:1998)
	at org.postgresql.core.v3.QueryExecutorImpl.execute(QueryExecutorImpl.java:255)
	at org.postgresql.jdbc2.AbstractJdbc2Statement.execute(AbstractJdbc2Statement.java:570)
	at org.postgresql.jdbc2.AbstractJdbc2Statement.executeWithFlags(AbstractJdbc2Statement.java:406)
	at org.postgresql.jdbc2.AbstractJdbc2Statement.execute(AbstractJdbc2Statement.java:398)
	at org.apache.commons.dbcp2.DelegatingStatement.execute(DelegatingStatement.java:291)
	at org.apache.commons.dbcp2.DelegatingStatement.execute(DelegatingStatement.java:291)
	at org.apache.zeppelin.jdbc.JDBCInterpreter.executeSql(JDBCInterpreter.java:737)
	at org.apache.zeppelin.jdbc.JDBCInterpreter.interpret(JDBCInterpreter.java:820)
	at org.apache.zeppelin.interpreter.LazyOpenInterpreter.interpret(LazyOpenInterpreter.java:103)
	at org.apache.zeppelin.interpreter.remote.RemoteInterpreterServer$InterpretJob.jobRun(RemoteInterpreterServer.java:632)
	at org.apache.zeppelin.scheduler.Job.run(Job.java:188)
	at org.apache.zeppelin.scheduler.ParallelScheduler$JobRunner.run(ParallelScheduler.java:162)
	at java.util.concurrent.Executors$RunnableAdapter.call(Executors.java:511)
	at java.util.concurrent.FutureTask.run(FutureTask.java:266)
	at java.util.concurrent.ScheduledThreadPoolExecutor$ScheduledFutureTask.access$201(ScheduledThreadPoolExecutor.java:180)
	at java.util.concurrent.ScheduledThreadPoolExecutor$ScheduledFutureTask.run(ScheduledThreadPoolExecutor.java:293)
	at java.util.concurrent.ThreadPoolExecutor.runWorker(ThreadPoolExecutor.java:1149)
	at java.util.concurrent.ThreadPoolExecutor$Worker.run(ThreadPoolExecutor.java:624)
	at java.lang.Thread.run(Thread.java:748)
 INFO [2020-01-24 01:35:24,801] ({pool-2-thread-3} SchedulerFactory.java[jobFinished]:120) - Job 20200123-224051_1974878081 finished by scheduler org.apache.zeppelin.jdbc.JDBCInterpreter1994713455
 INFO [2020-01-24 01:37:32,274] ({pool-2-thread-2} SchedulerFactory.java[jobStarted]:114) - Job 20200123-224051_1974878081 started by scheduler org.apache.zeppelin.jdbc.JDBCInterpreter1994713455
 INFO [2020-01-24 01:37:32,306] ({pool-2-thread-2} SchedulerFactory.java[jobFinished]:120) - Job 20200123-224051_1974878081 finished by scheduler org.apache.zeppelin.jdbc.JDBCInterpreter1994713455
 INFO [2020-01-24 01:37:38,553] ({pool-2-thread-4} SchedulerFactory.java[jobStarted]:114) - Job 20200123-224051_1974878081 started by scheduler org.apache.zeppelin.jdbc.JDBCInterpreter1994713455
 INFO [2020-01-24 01:37:38,576] ({pool-2-thread-4} SchedulerFactory.java[jobFinished]:120) - Job 20200123-224051_1974878081 finished by scheduler org.apache.zeppelin.jdbc.JDBCInterpreter1994713455
 INFO [2020-01-24 01:40:57,969] ({pool-2-thread-3} SchedulerFactory.java[jobStarted]:114) - Job 20200124-010228_191393954 started by scheduler org.apache.zeppelin.jdbc.JDBCInterpreter1994713455
ERROR [2020-01-24 01:40:57,975] ({pool-2-thread-3} JDBCInterpreter.java[executeSql]:778) - Cannot run INSERT INTO processed_files(file_name,created_at) values ("TestFile",CURRENT_TIMESTAMP())
org.postgresql.util.PSQLException: ERROR: syntax error at or near ")"
  Position: 88
	at org.postgresql.core.v3.QueryExecutorImpl.receiveErrorResponse(QueryExecutorImpl.java:2270)
	at org.postgresql.core.v3.QueryExecutorImpl.processResults(QueryExecutorImpl.java:1998)
	at org.postgresql.core.v3.QueryExecutorImpl.execute(QueryExecutorImpl.java:255)
	at org.postgresql.jdbc2.AbstractJdbc2Statement.execute(AbstractJdbc2Statement.java:570)
	at org.postgresql.jdbc2.AbstractJdbc2Statement.executeWithFlags(AbstractJdbc2Statement.java:406)
	at org.postgresql.jdbc2.AbstractJdbc2Statement.execute(AbstractJdbc2Statement.java:398)
	at org.apache.commons.dbcp2.DelegatingStatement.execute(DelegatingStatement.java:291)
	at org.apache.commons.dbcp2.DelegatingStatement.execute(DelegatingStatement.java:291)
	at org.apache.zeppelin.jdbc.JDBCInterpreter.executeSql(JDBCInterpreter.java:737)
	at org.apache.zeppelin.jdbc.JDBCInterpreter.interpret(JDBCInterpreter.java:820)
	at org.apache.zeppelin.interpreter.LazyOpenInterpreter.interpret(LazyOpenInterpreter.java:103)
	at org.apache.zeppelin.interpreter.remote.RemoteInterpreterServer$InterpretJob.jobRun(RemoteInterpreterServer.java:632)
	at org.apache.zeppelin.scheduler.Job.run(Job.java:188)
	at org.apache.zeppelin.scheduler.ParallelScheduler$JobRunner.run(ParallelScheduler.java:162)
	at java.util.concurrent.Executors$RunnableAdapter.call(Executors.java:511)
	at java.util.concurrent.FutureTask.run(FutureTask.java:266)
	at java.util.concurrent.ScheduledThreadPoolExecutor$ScheduledFutureTask.access$201(ScheduledThreadPoolExecutor.java:180)
	at java.util.concurrent.ScheduledThreadPoolExecutor$ScheduledFutureTask.run(ScheduledThreadPoolExecutor.java:293)
	at java.util.concurrent.ThreadPoolExecutor.runWorker(ThreadPoolExecutor.java:1149)
	at java.util.concurrent.ThreadPoolExecutor$Worker.run(ThreadPoolExecutor.java:624)
	at java.lang.Thread.run(Thread.java:748)
 INFO [2020-01-24 01:40:57,978] ({pool-2-thread-3} SchedulerFactory.java[jobFinished]:120) - Job 20200124-010228_191393954 finished by scheduler org.apache.zeppelin.jdbc.JDBCInterpreter1994713455
 INFO [2020-01-24 01:41:13,854] ({pool-2-thread-5} SchedulerFactory.java[jobStarted]:114) - Job 20200124-010228_191393954 started by scheduler org.apache.zeppelin.jdbc.JDBCInterpreter1994713455
ERROR [2020-01-24 01:41:13,861] ({pool-2-thread-5} JDBCInterpreter.java[executeSql]:778) - Cannot run INSERT INTO processed_files(file_name,created_at) values "TestFile",CURRENT_TIMESTAMP()
org.postgresql.util.PSQLException: ERROR: syntax error at or near ""TestFile""
  Position: 58
	at org.postgresql.core.v3.QueryExecutorImpl.receiveErrorResponse(QueryExecutorImpl.java:2270)
	at org.postgresql.core.v3.QueryExecutorImpl.processResults(QueryExecutorImpl.java:1998)
	at org.postgresql.core.v3.QueryExecutorImpl.execute(QueryExecutorImpl.java:255)
	at org.postgresql.jdbc2.AbstractJdbc2Statement.execute(AbstractJdbc2Statement.java:570)
	at org.postgresql.jdbc2.AbstractJdbc2Statement.executeWithFlags(AbstractJdbc2Statement.java:406)
	at org.postgresql.jdbc2.AbstractJdbc2Statement.execute(AbstractJdbc2Statement.java:398)
	at org.apache.commons.dbcp2.DelegatingStatement.execute(DelegatingStatement.java:291)
	at org.apache.commons.dbcp2.DelegatingStatement.execute(DelegatingStatement.java:291)
	at org.apache.zeppelin.jdbc.JDBCInterpreter.executeSql(JDBCInterpreter.java:737)
	at org.apache.zeppelin.jdbc.JDBCInterpreter.interpret(JDBCInterpreter.java:820)
	at org.apache.zeppelin.interpreter.LazyOpenInterpreter.interpret(LazyOpenInterpreter.java:103)
	at org.apache.zeppelin.interpreter.remote.RemoteInterpreterServer$InterpretJob.jobRun(RemoteInterpreterServer.java:632)
	at org.apache.zeppelin.scheduler.Job.run(Job.java:188)
	at org.apache.zeppelin.scheduler.ParallelScheduler$JobRunner.run(ParallelScheduler.java:162)
	at java.util.concurrent.Executors$RunnableAdapter.call(Executors.java:511)
	at java.util.concurrent.FutureTask.run(FutureTask.java:266)
	at java.util.concurrent.ScheduledThreadPoolExecutor$ScheduledFutureTask.access$201(ScheduledThreadPoolExecutor.java:180)
	at java.util.concurrent.ScheduledThreadPoolExecutor$ScheduledFutureTask.run(ScheduledThreadPoolExecutor.java:293)
	at java.util.concurrent.ThreadPoolExecutor.runWorker(ThreadPoolExecutor.java:1149)
	at java.util.concurrent.ThreadPoolExecutor$Worker.run(ThreadPoolExecutor.java:624)
	at java.lang.Thread.run(Thread.java:748)
 INFO [2020-01-24 01:41:13,877] ({pool-2-thread-5} SchedulerFactory.java[jobFinished]:120) - Job 20200124-010228_191393954 finished by scheduler org.apache.zeppelin.jdbc.JDBCInterpreter1994713455
 INFO [2020-01-24 01:41:20,150] ({pool-2-thread-2} SchedulerFactory.java[jobStarted]:114) - Job 20200124-010228_191393954 started by scheduler org.apache.zeppelin.jdbc.JDBCInterpreter1994713455
ERROR [2020-01-24 01:41:20,158] ({pool-2-thread-2} JDBCInterpreter.java[executeSql]:778) - Cannot run INSERT INTO processed_files(file_name,created_at) values ("TestFile",CURRENT_TIMESTAMP
org.postgresql.util.PSQLException: ERROR: syntax error at end of input
  Position: 87
	at org.postgresql.core.v3.QueryExecutorImpl.receiveErrorResponse(QueryExecutorImpl.java:2270)
	at org.postgresql.core.v3.QueryExecutorImpl.processResults(QueryExecutorImpl.java:1998)
	at org.postgresql.core.v3.QueryExecutorImpl.execute(QueryExecutorImpl.java:255)
	at org.postgresql.jdbc2.AbstractJdbc2Statement.execute(AbstractJdbc2Statement.java:570)
	at org.postgresql.jdbc2.AbstractJdbc2Statement.executeWithFlags(AbstractJdbc2Statement.java:406)
	at org.postgresql.jdbc2.AbstractJdbc2Statement.execute(AbstractJdbc2Statement.java:398)
	at org.apache.commons.dbcp2.DelegatingStatement.execute(DelegatingStatement.java:291)
	at org.apache.commons.dbcp2.DelegatingStatement.execute(DelegatingStatement.java:291)
	at org.apache.zeppelin.jdbc.JDBCInterpreter.executeSql(JDBCInterpreter.java:737)
	at org.apache.zeppelin.jdbc.JDBCInterpreter.interpret(JDBCInterpreter.java:820)
	at org.apache.zeppelin.interpreter.LazyOpenInterpreter.interpret(LazyOpenInterpreter.java:103)
	at org.apache.zeppelin.interpreter.remote.RemoteInterpreterServer$InterpretJob.jobRun(RemoteInterpreterServer.java:632)
	at org.apache.zeppelin.scheduler.Job.run(Job.java:188)
	at org.apache.zeppelin.scheduler.ParallelScheduler$JobRunner.run(ParallelScheduler.java:162)
	at java.util.concurrent.Executors$RunnableAdapter.call(Executors.java:511)
	at java.util.concurrent.FutureTask.run(FutureTask.java:266)
	at java.util.concurrent.ScheduledThreadPoolExecutor$ScheduledFutureTask.access$201(ScheduledThreadPoolExecutor.java:180)
	at java.util.concurrent.ScheduledThreadPoolExecutor$ScheduledFutureTask.run(ScheduledThreadPoolExecutor.java:293)
	at java.util.concurrent.ThreadPoolExecutor.runWorker(ThreadPoolExecutor.java:1149)
	at java.util.concurrent.ThreadPoolExecutor$Worker.run(ThreadPoolExecutor.java:624)
	at java.lang.Thread.run(Thread.java:748)
 INFO [2020-01-24 01:41:20,165] ({pool-2-thread-2} SchedulerFactory.java[jobFinished]:120) - Job 20200124-010228_191393954 finished by scheduler org.apache.zeppelin.jdbc.JDBCInterpreter1994713455
 INFO [2020-01-24 01:41:22,812] ({pool-2-thread-6} SchedulerFactory.java[jobStarted]:114) - Job 20200124-010228_191393954 started by scheduler org.apache.zeppelin.jdbc.JDBCInterpreter1994713455
ERROR [2020-01-24 01:41:22,818] ({pool-2-thread-6} JDBCInterpreter.java[executeSql]:778) - Cannot run INSERT INTO processed_files(file_name,created_at) values ("TestFile",CURRENT_TIMESTAMP)
org.postgresql.util.PSQLException: ERROR: column "TestFile" does not exist
  Position: 59
	at org.postgresql.core.v3.QueryExecutorImpl.receiveErrorResponse(QueryExecutorImpl.java:2270)
	at org.postgresql.core.v3.QueryExecutorImpl.processResults(QueryExecutorImpl.java:1998)
	at org.postgresql.core.v3.QueryExecutorImpl.execute(QueryExecutorImpl.java:255)
	at org.postgresql.jdbc2.AbstractJdbc2Statement.execute(AbstractJdbc2Statement.java:570)
	at org.postgresql.jdbc2.AbstractJdbc2Statement.executeWithFlags(AbstractJdbc2Statement.java:406)
	at org.postgresql.jdbc2.AbstractJdbc2Statement.execute(AbstractJdbc2Statement.java:398)
	at org.apache.commons.dbcp2.DelegatingStatement.execute(DelegatingStatement.java:291)
	at org.apache.commons.dbcp2.DelegatingStatement.execute(DelegatingStatement.java:291)
	at org.apache.zeppelin.jdbc.JDBCInterpreter.executeSql(JDBCInterpreter.java:737)
	at org.apache.zeppelin.jdbc.JDBCInterpreter.interpret(JDBCInterpreter.java:820)
	at org.apache.zeppelin.interpreter.LazyOpenInterpreter.interpret(LazyOpenInterpreter.java:103)
	at org.apache.zeppelin.interpreter.remote.RemoteInterpreterServer$InterpretJob.jobRun(RemoteInterpreterServer.java:632)
	at org.apache.zeppelin.scheduler.Job.run(Job.java:188)
	at org.apache.zeppelin.scheduler.ParallelScheduler$JobRunner.run(ParallelScheduler.java:162)
	at java.util.concurrent.Executors$RunnableAdapter.call(Executors.java:511)
	at java.util.concurrent.FutureTask.run(FutureTask.java:266)
	at java.util.concurrent.ScheduledThreadPoolExecutor$ScheduledFutureTask.access$201(ScheduledThreadPoolExecutor.java:180)
	at java.util.concurrent.ScheduledThreadPoolExecutor$ScheduledFutureTask.run(ScheduledThreadPoolExecutor.java:293)
	at java.util.concurrent.ThreadPoolExecutor.runWorker(ThreadPoolExecutor.java:1149)
	at java.util.concurrent.ThreadPoolExecutor$Worker.run(ThreadPoolExecutor.java:624)
	at java.lang.Thread.run(Thread.java:748)
 INFO [2020-01-24 01:41:22,821] ({pool-2-thread-6} SchedulerFactory.java[jobFinished]:120) - Job 20200124-010228_191393954 finished by scheduler org.apache.zeppelin.jdbc.JDBCInterpreter1994713455
 INFO [2020-01-24 01:41:38,638] ({pool-2-thread-4} SchedulerFactory.java[jobStarted]:114) - Job 20200124-010228_191393954 started by scheduler org.apache.zeppelin.jdbc.JDBCInterpreter1994713455
ERROR [2020-01-24 01:41:38,644] ({pool-2-thread-4} JDBCInterpreter.java[executeSql]:778) - Cannot run INSERT INTO processed_files(file_name,created_at) values ('TestFile',CURRENT_TIMESTAMP())
org.postgresql.util.PSQLException: ERROR: syntax error at or near ")"
  Position: 88
	at org.postgresql.core.v3.QueryExecutorImpl.receiveErrorResponse(QueryExecutorImpl.java:2270)
	at org.postgresql.core.v3.QueryExecutorImpl.processResults(QueryExecutorImpl.java:1998)
	at org.postgresql.core.v3.QueryExecutorImpl.execute(QueryExecutorImpl.java:255)
	at org.postgresql.jdbc2.AbstractJdbc2Statement.execute(AbstractJdbc2Statement.java:570)
	at org.postgresql.jdbc2.AbstractJdbc2Statement.executeWithFlags(AbstractJdbc2Statement.java:406)
	at org.postgresql.jdbc2.AbstractJdbc2Statement.execute(AbstractJdbc2Statement.java:398)
	at org.apache.commons.dbcp2.DelegatingStatement.execute(DelegatingStatement.java:291)
	at org.apache.commons.dbcp2.DelegatingStatement.execute(DelegatingStatement.java:291)
	at org.apache.zeppelin.jdbc.JDBCInterpreter.executeSql(JDBCInterpreter.java:737)
	at org.apache.zeppelin.jdbc.JDBCInterpreter.interpret(JDBCInterpreter.java:820)
	at org.apache.zeppelin.interpreter.LazyOpenInterpreter.interpret(LazyOpenInterpreter.java:103)
	at org.apache.zeppelin.interpreter.remote.RemoteInterpreterServer$InterpretJob.jobRun(RemoteInterpreterServer.java:632)
	at org.apache.zeppelin.scheduler.Job.run(Job.java:188)
	at org.apache.zeppelin.scheduler.ParallelScheduler$JobRunner.run(ParallelScheduler.java:162)
	at java.util.concurrent.Executors$RunnableAdapter.call(Executors.java:511)
	at java.util.concurrent.FutureTask.run(FutureTask.java:266)
	at java.util.concurrent.ScheduledThreadPoolExecutor$ScheduledFutureTask.access$201(ScheduledThreadPoolExecutor.java:180)
	at java.util.concurrent.ScheduledThreadPoolExecutor$ScheduledFutureTask.run(ScheduledThreadPoolExecutor.java:293)
	at java.util.concurrent.ThreadPoolExecutor.runWorker(ThreadPoolExecutor.java:1149)
	at java.util.concurrent.ThreadPoolExecutor$Worker.run(ThreadPoolExecutor.java:624)
	at java.lang.Thread.run(Thread.java:748)
 INFO [2020-01-24 01:41:38,649] ({pool-2-thread-4} SchedulerFactory.java[jobFinished]:120) - Job 20200124-010228_191393954 finished by scheduler org.apache.zeppelin.jdbc.JDBCInterpreter1994713455
 INFO [2020-01-24 01:43:06,690] ({pool-2-thread-7} SchedulerFactory.java[jobStarted]:114) - Job 20200124-010228_191393954 started by scheduler org.apache.zeppelin.jdbc.JDBCInterpreter1994713455
 INFO [2020-01-24 01:43:06,701] ({pool-2-thread-7} SchedulerFactory.java[jobFinished]:120) - Job 20200124-010228_191393954 finished by scheduler org.apache.zeppelin.jdbc.JDBCInterpreter1994713455
 INFO [2020-01-24 01:43:23,297] ({pool-2-thread-3} SchedulerFactory.java[jobStarted]:114) - Job 20200124-010228_191393954 started by scheduler org.apache.zeppelin.jdbc.JDBCInterpreter1994713455
 INFO [2020-01-24 01:43:23,310] ({pool-2-thread-3} SchedulerFactory.java[jobFinished]:120) - Job 20200124-010228_191393954 finished by scheduler org.apache.zeppelin.jdbc.JDBCInterpreter1994713455
 INFO [2020-01-24 02:36:55,078] ({pool-1-thread-4} RemoteInterpreterServer.java[shutdown]:209) - Shutting down...
